<?xml version="1.0" encoding="UTF-8"?>
<testsuite xmlns:xsi="http://www.w3.org/2001/XMLSchema-instance" xsi:noNamespaceSchemaLocation="https://maven.apache.org/surefire/maven-surefire-plugin/xsd/surefire-test-report.xsd" name="org.apache.maven.project.PomConstructionTest" time="7.72" tests="123" errors="0" skipped="0" failures="0">
  <properties>
    <property name="gopherProxySet" value="false"/>
    <property name="awt.toolkit" value="sun.lwawt.macosx.LWCToolkit"/>
    <property name="java.specification.version" value="10"/>
    <property name="file.encoding.pkg" value="sun.io"/>
    <property name="sun.cpu.isalist" value=""/>
    <property name="sun.jnu.encoding" value="UTF-8"/>
    <property name="java.class.path" value="/Users/lokeswarreddy/Desktop/maven/maven-core/target/test-classes:/Users/lokeswarreddy/Desktop/maven/maven-core/target/classes:/Users/lokeswarreddy/Desktop/maven/maven-model/target/maven-model-3.6.1-SNAPSHOT.jar:/Users/lokeswarreddy/Desktop/maven/maven-settings/target/maven-settings-3.6.1-SNAPSHOT.jar:/Users/lokeswarreddy/Desktop/maven/maven-settings-builder/target/maven-settings-builder-3.6.1-SNAPSHOT.jar:/Users/lokeswarreddy/.m2/repository/org/codehaus/plexus/plexus-interpolation/1.25/plexus-interpolation-1.25.jar:/Users/lokeswarreddy/.m2/repository/org/sonatype/plexus/plexus-sec-dispatcher/1.4/plexus-sec-dispatcher-1.4.jar:/Users/lokeswarreddy/.m2/repository/org/sonatype/plexus/plexus-cipher/1.7/plexus-cipher-1.7.jar:/Users/lokeswarreddy/Desktop/maven/maven-builder-support/target/maven-builder-support-3.6.1-SNAPSHOT.jar:/Users/lokeswarreddy/Desktop/maven/maven-repository-metadata/target/maven-repository-metadata-3.6.1-SNAPSHOT.jar:/Users/lokeswarreddy/Desktop/maven/maven-artifact/target/maven-artifact-3.6.1-SNAPSHOT.jar:/Users/lokeswarreddy/Desktop/maven/maven-plugin-api/target/maven-plugin-api-3.6.1-SNAPSHOT.jar:/Users/lokeswarreddy/Desktop/maven/maven-model-builder/target/maven-model-builder-3.6.1-SNAPSHOT.jar:/Users/lokeswarreddy/Desktop/maven/maven-resolver-provider/target/maven-resolver-provider-3.6.1-SNAPSHOT.jar:/Users/lokeswarreddy/.m2/repository/org/slf4j/slf4j-api/1.7.25/slf4j-api-1.7.25.jar:/Users/lokeswarreddy/.m2/repository/org/apache/maven/resolver/maven-resolver-impl/1.3.1/maven-resolver-impl-1.3.1.jar:/Users/lokeswarreddy/.m2/repository/org/apache/maven/resolver/maven-resolver-api/1.3.1/maven-resolver-api-1.3.1.jar:/Users/lokeswarreddy/.m2/repository/org/apache/maven/resolver/maven-resolver-spi/1.3.1/maven-resolver-spi-1.3.1.jar:/Users/lokeswarreddy/.m2/repository/org/apache/maven/resolver/maven-resolver-util/1.3.1/maven-resolver-util-1.3.1.jar:/Users/lokeswarreddy/.m2/repository/org/apache/maven/shared/maven-shared-utils/3.2.1/maven-shared-utils-3.2.1.jar:/Users/lokeswarreddy/.m2/repository/commons-io/commons-io/2.5/commons-io-2.5.jar:/Users/lokeswarreddy/.m2/repository/org/eclipse/sisu/org.eclipse.sisu.plexus/0.3.3/org.eclipse.sisu.plexus-0.3.3.jar:/Users/lokeswarreddy/.m2/repository/javax/enterprise/cdi-api/1.0/cdi-api-1.0.jar:/Users/lokeswarreddy/.m2/repository/javax/annotation/jsr250-api/1.0/jsr250-api-1.0.jar:/Users/lokeswarreddy/.m2/repository/org/eclipse/sisu/org.eclipse.sisu.inject/0.3.3/org.eclipse.sisu.inject-0.3.3.jar:/Users/lokeswarreddy/.m2/repository/com/google/inject/guice/4.2.1/guice-4.2.1-no_aop.jar:/Users/lokeswarreddy/.m2/repository/aopalliance/aopalliance/1.0/aopalliance-1.0.jar:/Users/lokeswarreddy/.m2/repository/com/google/guava/guava/25.1-android/guava-25.1-android.jar:/Users/lokeswarreddy/.m2/repository/com/google/code/findbugs/jsr305/3.0.2/jsr305-3.0.2.jar:/Users/lokeswarreddy/.m2/repository/org/checkerframework/checker-compat-qual/2.0.0/checker-compat-qual-2.0.0.jar:/Users/lokeswarreddy/.m2/repository/com/google/errorprone/error_prone_annotations/2.1.3/error_prone_annotations-2.1.3.jar:/Users/lokeswarreddy/.m2/repository/com/google/j2objc/j2objc-annotations/1.1/j2objc-annotations-1.1.jar:/Users/lokeswarreddy/.m2/repository/org/codehaus/mojo/animal-sniffer-annotations/1.14/animal-sniffer-annotations-1.14.jar:/Users/lokeswarreddy/.m2/repository/javax/inject/javax.inject/1/javax.inject-1.jar:/Users/lokeswarreddy/.m2/repository/org/codehaus/plexus/plexus-utils/3.1.0/plexus-utils-3.1.0.jar:/Users/lokeswarreddy/.m2/repository/org/codehaus/plexus/plexus-classworlds/2.5.2/plexus-classworlds-2.5.2.jar:/Users/lokeswarreddy/.m2/repository/org/codehaus/plexus/plexus-component-annotations/1.7.1/plexus-component-annotations-1.7.1.jar:/Users/lokeswarreddy/.m2/repository/org/apache/commons/commons-lang3/3.8.1/commons-lang3-3.8.1.jar:/Users/lokeswarreddy/.m2/repository/commons-jxpath/commons-jxpath/1.3/commons-jxpath-1.3.jar:/Users/lokeswarreddy/.m2/repository/org/mockito/mockito-core/2.21.0/mockito-core-2.21.0.jar:/Users/lokeswarreddy/.m2/repository/net/bytebuddy/byte-buddy/1.8.15/byte-buddy-1.8.15.jar:/Users/lokeswarreddy/.m2/repository/net/bytebuddy/byte-buddy-agent/1.8.15/byte-buddy-agent-1.8.15.jar:/Users/lokeswarreddy/.m2/repository/org/objenesis/objenesis/2.6/objenesis-2.6.jar:/Users/lokeswarreddy/.m2/repository/junit/junit/4.12/junit-4.12.jar:/Users/lokeswarreddy/.m2/repository/org/hamcrest/hamcrest-core/1.3/hamcrest-core-1.3.jar:"/>
    <property name="java.vm.vendor" value="&quot;Oracle Corporation&quot;"/>
    <property name="sun.arch.data.model" value="64"/>
    <property name="java.vendor.url" value="http://java.oracle.com/"/>
    <property name="user.timezone" value=""/>
    <property name="java.vm.specification.version" value="10"/>
    <property name="os.name" value="Mac OS X"/>
    <property name="sun.java.launcher" value="SUN_STANDARD"/>
    <property name="user.country" value="IN"/>
    <property name="sun.boot.library.path" value="/Library/Java/JavaVirtualMachines/jdk-10.0.1.jdk/Contents/Home/lib"/>
    <property name="sun.java.command" value="/Users/lokeswarreddy/Desktop/maven/maven-core/target/surefire/surefirebooter17054468898490814589.jar /Users/lokeswarreddy/Desktop/maven/maven-core/target/surefire 2019-02-27T21-23-53_568-jvmRun1 surefire10550030718494305348tmp surefire_711988063768066066827tmp"/>
    <property name="http.nonProxyHosts" value="local|*.local|169.254/16|*.169.254/16"/>
    <property name="jdk.debug" value="release"/>
    <property name="surefire.test.class.path" value="/Users/lokeswarreddy/Desktop/maven/maven-core/target/test-classes:/Users/lokeswarreddy/Desktop/maven/maven-core/target/classes:/Users/lokeswarreddy/Desktop/maven/maven-model/target/maven-model-3.6.1-SNAPSHOT.jar:/Users/lokeswarreddy/Desktop/maven/maven-settings/target/maven-settings-3.6.1-SNAPSHOT.jar:/Users/lokeswarreddy/Desktop/maven/maven-settings-builder/target/maven-settings-builder-3.6.1-SNAPSHOT.jar:/Users/lokeswarreddy/.m2/repository/org/codehaus/plexus/plexus-interpolation/1.25/plexus-interpolation-1.25.jar:/Users/lokeswarreddy/.m2/repository/org/sonatype/plexus/plexus-sec-dispatcher/1.4/plexus-sec-dispatcher-1.4.jar:/Users/lokeswarreddy/.m2/repository/org/sonatype/plexus/plexus-cipher/1.7/plexus-cipher-1.7.jar:/Users/lokeswarreddy/Desktop/maven/maven-builder-support/target/maven-builder-support-3.6.1-SNAPSHOT.jar:/Users/lokeswarreddy/Desktop/maven/maven-repository-metadata/target/maven-repository-metadata-3.6.1-SNAPSHOT.jar:/Users/lokeswarreddy/Desktop/maven/maven-artifact/target/maven-artifact-3.6.1-SNAPSHOT.jar:/Users/lokeswarreddy/Desktop/maven/maven-plugin-api/target/maven-plugin-api-3.6.1-SNAPSHOT.jar:/Users/lokeswarreddy/Desktop/maven/maven-model-builder/target/maven-model-builder-3.6.1-SNAPSHOT.jar:/Users/lokeswarreddy/Desktop/maven/maven-resolver-provider/target/maven-resolver-provider-3.6.1-SNAPSHOT.jar:/Users/lokeswarreddy/.m2/repository/org/slf4j/slf4j-api/1.7.25/slf4j-api-1.7.25.jar:/Users/lokeswarreddy/.m2/repository/org/apache/maven/resolver/maven-resolver-impl/1.3.1/maven-resolver-impl-1.3.1.jar:/Users/lokeswarreddy/.m2/repository/org/apache/maven/resolver/maven-resolver-api/1.3.1/maven-resolver-api-1.3.1.jar:/Users/lokeswarreddy/.m2/repository/org/apache/maven/resolver/maven-resolver-spi/1.3.1/maven-resolver-spi-1.3.1.jar:/Users/lokeswarreddy/.m2/repository/org/apache/maven/resolver/maven-resolver-util/1.3.1/maven-resolver-util-1.3.1.jar:/Users/lokeswarreddy/.m2/repository/org/apache/maven/shared/maven-shared-utils/3.2.1/maven-shared-utils-3.2.1.jar:/Users/lokeswarreddy/.m2/repository/commons-io/commons-io/2.5/commons-io-2.5.jar:/Users/lokeswarreddy/.m2/repository/org/eclipse/sisu/org.eclipse.sisu.plexus/0.3.3/org.eclipse.sisu.plexus-0.3.3.jar:/Users/lokeswarreddy/.m2/repository/javax/enterprise/cdi-api/1.0/cdi-api-1.0.jar:/Users/lokeswarreddy/.m2/repository/javax/annotation/jsr250-api/1.0/jsr250-api-1.0.jar:/Users/lokeswarreddy/.m2/repository/org/eclipse/sisu/org.eclipse.sisu.inject/0.3.3/org.eclipse.sisu.inject-0.3.3.jar:/Users/lokeswarreddy/.m2/repository/com/google/inject/guice/4.2.1/guice-4.2.1-no_aop.jar:/Users/lokeswarreddy/.m2/repository/aopalliance/aopalliance/1.0/aopalliance-1.0.jar:/Users/lokeswarreddy/.m2/repository/com/google/guava/guava/25.1-android/guava-25.1-android.jar:/Users/lokeswarreddy/.m2/repository/com/google/code/findbugs/jsr305/3.0.2/jsr305-3.0.2.jar:/Users/lokeswarreddy/.m2/repository/org/checkerframework/checker-compat-qual/2.0.0/checker-compat-qual-2.0.0.jar:/Users/lokeswarreddy/.m2/repository/com/google/errorprone/error_prone_annotations/2.1.3/error_prone_annotations-2.1.3.jar:/Users/lokeswarreddy/.m2/repository/com/google/j2objc/j2objc-annotations/1.1/j2objc-annotations-1.1.jar:/Users/lokeswarreddy/.m2/repository/org/codehaus/mojo/animal-sniffer-annotations/1.14/animal-sniffer-annotations-1.14.jar:/Users/lokeswarreddy/.m2/repository/javax/inject/javax.inject/1/javax.inject-1.jar:/Users/lokeswarreddy/.m2/repository/org/codehaus/plexus/plexus-utils/3.1.0/plexus-utils-3.1.0.jar:/Users/lokeswarreddy/.m2/repository/org/codehaus/plexus/plexus-classworlds/2.5.2/plexus-classworlds-2.5.2.jar:/Users/lokeswarreddy/.m2/repository/org/codehaus/plexus/plexus-component-annotations/1.7.1/plexus-component-annotations-1.7.1.jar:/Users/lokeswarreddy/.m2/repository/org/apache/commons/commons-lang3/3.8.1/commons-lang3-3.8.1.jar:/Users/lokeswarreddy/.m2/repository/commons-jxpath/commons-jxpath/1.3/commons-jxpath-1.3.jar:/Users/lokeswarreddy/.m2/repository/org/mockito/mockito-core/2.21.0/mockito-core-2.21.0.jar:/Users/lokeswarreddy/.m2/repository/net/bytebuddy/byte-buddy/1.8.15/byte-buddy-1.8.15.jar:/Users/lokeswarreddy/.m2/repository/net/bytebuddy/byte-buddy-agent/1.8.15/byte-buddy-agent-1.8.15.jar:/Users/lokeswarreddy/.m2/repository/org/objenesis/objenesis/2.6/objenesis-2.6.jar:/Users/lokeswarreddy/.m2/repository/junit/junit/4.12/junit-4.12.jar:/Users/lokeswarreddy/.m2/repository/org/hamcrest/hamcrest-core/1.3/hamcrest-core-1.3.jar:"/>
    <property name="sun.cpu.endian" value="little"/>
    <property name="user.home" value="/Users/lokeswarreddy"/>
    <property name="user.language" value="en"/>
    <property name="java.specification.vendor" value="Oracle Corporation"/>
    <property name="java.version.date" value="2018-04-17"/>
    <property name="java.home" value="/Library/Java/JavaVirtualMachines/jdk-10.0.1.jdk/Contents/Home"/>
    <property name="file.separator" value="/"/>
    <property name="basedir" value="/Users/lokeswarreddy/Desktop/maven/maven-core"/>
    <property name="java.vm.compressedOopsMode" value="Zero based"/>
    <property name="line.separator" value="&#10;"/>
    <property name="java.specification.name" value="Java Platform API Specification"/>
    <property name="java.vm.specification.vendor" value="Oracle Corporation"/>
    <property name="java.awt.graphicsenv" value="sun.awt.CGraphicsEnvironment"/>
    <property name="surefire.real.class.path" value="/Users/lokeswarreddy/Desktop/maven/maven-core/target/surefire/surefirebooter17054468898490814589.jar"/>
    <property name="sun.management.compiler" value="HotSpot 64-Bit Tiered Compilers"/>
    <property name="ftp.nonProxyHosts" value="local|*.local|169.254/16|*.169.254/16"/>
    <property name="java.runtime.version" value="10.0.1+10"/>
    <property name="user.name" value="lokeswarreddy"/>
    <property name="path.separator" value=":"/>
    <property name="os.version" value="10.14"/>
    <property name="java.runtime.name" value="Java(TM) SE Runtime Environment"/>
    <property name="file.encoding" value="UTF-8"/>
    <property name="java.vm.name" value="Java HotSpot(TM) 64-Bit Server VM"/>
    <property name="java.vendor.version" value="18.3"/>
    <property name="localRepository" value="/Users/lokeswarreddy/.m2/repository"/>
    <property name="java.vendor.url.bug" value="http://bugreport.java.com/bugreport/"/>
    <property name="java.io.tmpdir" value="/var/folders/1t/jrcwz1v17g5f74zsxghc7bh40000gn/T/"/>
    <property name="java.version" value="10.0.1"/>
    <property name="user.dir" value="/Users/lokeswarreddy/Desktop/maven/maven-core"/>
    <property name="os.arch" value="x86_64"/>
    <property name="java.vm.specification.name" value="Java Virtual Machine Specification"/>
    <property name="java.awt.printerjob" value="sun.lwawt.macosx.CPrinterJob"/>
    <property name="sun.os.patch.level" value="unknown"/>
    <property name="java.library.path" value="/Users/lokeswarreddy/Library/Java/Extensions:/Library/Java/Extensions:/Network/Library/Java/Extensions:/System/Library/Java/Extensions:/usr/lib/java:."/>
    <property name="java.vendor" value="Oracle Corporation"/>
    <property name="java.vm.info" value="mixed mode"/>
    <property name="java.vm.version" value="10.0.1+10"/>
    <property name="sun.io.unicode.encoding" value="UnicodeBig"/>
    <property name="java.class.version" value="54.0"/>
    <property name="socksNonProxyHosts" value="local|*.local|169.254/16|*.169.254/16"/>
  </properties>
  <testcase name="testCompleteModelWithParent" classname="org.apache.maven.project.PomConstructionTest" time="0.286"/>
  <testcase name="testErroneousJoiningOfDifferentPluginsWithEqualExecutionIds" classname="org.apache.maven.project.PomConstructionTest" time="0.079"/>
  <testcase name="testPluginConfigurationUsingAttributesWithPluginManagementAndProfile" classname="org.apache.maven.project.PomConstructionTest" time="0.078"/>
  <testcase name="testUrlAppendWithChildPathAdjustment" classname="org.apache.maven.project.PomConstructionTest" time="0.108"/>
  <testcase name="testDuplicateDependenciesCauseLastDeclarationToBePickedInLenientMode" classname="org.apache.maven.project.PomConstructionTest" time="0.056"/>
  <testcase name="testDistributionManagement" classname="org.apache.maven.project.PomConstructionTest" time="0.054"/>
  <testcase name="testValidationErrorUponNonUniqueArtifactRepositoryIdInProfile" classname="org.apache.maven.project.PomConstructionTest" time="0.055"/>
  <testcase name="testInheritedPropertiesInterpolatedWithValuesFromChildWithActiveProfiles" classname="org.apache.maven.project.PomConstructionTest" time="0.142"/>
  <testcase name="testMailingListsAreInheritedButNotAggregated" classname="org.apache.maven.project.PomConstructionTest" time="0.056"/>
  <testcase name="testSingleConfigurationInheritance" classname="org.apache.maven.project.PomConstructionTest" time="0.074"/>
  <testcase name="testPercentEncodedUrlsMustNotBeDecoded" classname="org.apache.maven.project.PomConstructionTest" time="0.052"/>
  <testcase name="testReportingPluginConfig" classname="org.apache.maven.project.PomConstructionTest" time="0.064"/>
  <testcase name="testInterpolationOfBasedirInPomWithUnusualName" classname="org.apache.maven.project.PomConstructionTest" time="0.102"/>
  <testcase name="testDependencyOrderWithPluginManagement" classname="org.apache.maven.project.PomConstructionTest" time="0.05"/>
  <testcase name="testOrderOfMergedPluginExecutionsWithPluginManagement" classname="org.apache.maven.project.PomConstructionTest" time="0.055"/>
  <testcase name="testNonInheritedElementsInSubtreesOverriddenByChild" classname="org.apache.maven.project.PomConstructionTest" time="0.07"/>
  <testcase name="testProfileInjectionOrder" classname="org.apache.maven.project.PomConstructionTest" time="0.095"/>
  <testcase name="testDependencyScopeInheritance" classname="org.apache.maven.project.PomConstructionTest" time="0.078"/>
  <testcase name="testProfilePropertiesInterpolation" classname="org.apache.maven.project.PomConstructionTest" time="0.07"/>
  <testcase name="testOrderOfMergedPluginExecutionGoalsWithoutPluginManagement" classname="org.apache.maven.project.PomConstructionTest" time="0.091"/>
  <testcase name="testThatExecutionsWithoutIdsAreMergedAndTheChildWins" classname="org.apache.maven.project.PomConstructionTest" time="0.063"/>
  <testcase name="testExecutionConfigurationSubcollections" classname="org.apache.maven.project.PomConstructionTest" time="0.047"/>
  <testcase name="testInterpolationWithXmlMarkup" classname="org.apache.maven.project.PomConstructionTest" time="0.059"/>
  <testcase name="testRepoInheritance" classname="org.apache.maven.project.PomConstructionTest" time="0.062"/>
  <testcase name="testInterpolationOfNestedBuildDirectories" classname="org.apache.maven.project.PomConstructionTest" time="0.071"/>
  <testcase name="testOrderOfPluginConfigurationElementsWithPluginManagement" classname="org.apache.maven.project.PomConstructionTest" time="0.074"/>
  <testcase name="testManagedPluginConfigurationAppliesToImplicitPluginsIntroducedByPackaging" classname="org.apache.maven.project.PomConstructionTest" time="0.055"/>
  <testcase name="testMultipleExecutionIds" classname="org.apache.maven.project.PomConstructionTest" time="0.092"/>
  <testcase name="testInterpolationWithBasedirAlignedDirectories" classname="org.apache.maven.project.PomConstructionTest" time="0.047"/>
  <testcase name="testInterpolationWithSystemProperty" classname="org.apache.maven.project.PomConstructionTest" time="0.051"/>
  <testcase name="testPluginManagementInherited" classname="org.apache.maven.project.PomConstructionTest" time="0.073"/>
  <testcase name="testOrderOfPluginExecutionsWithoutPluginManagement" classname="org.apache.maven.project.PomConstructionTest" time="0.052"/>
  <testcase name="testReportingInterpolation" classname="org.apache.maven.project.PomConstructionTest" time="0.054"/>
  <testcase name="testOrderOfGoalsFromPluginExecutionWithoutPluginManagement" classname="org.apache.maven.project.PomConstructionTest" time="0.049"/>
  <testcase name="testProfileModules" classname="org.apache.maven.project.PomConstructionTest" time="0.043"/>
  <testcase name="testPluginExecutionInheritanceWhenChildDoesDeclarePluginAsWell" classname="org.apache.maven.project.PomConstructionTest" time="0.053"/>
  <testcase name="testValidationErrorUponNonUniquePluginRepositoryIdInProfile" classname="org.apache.maven.project.PomConstructionTest" time="0.047"/>
  <testcase name="testUncPath" classname="org.apache.maven.project.PomConstructionTest" time="0.05"/>
  <testcase name="testAppendArtifactIdOfChildToInheritedUrls" classname="org.apache.maven.project.PomConstructionTest" time="0.061"/>
  <testcase name="testValidationErrorUponNonUniqueArtifactRepositoryId" classname="org.apache.maven.project.PomConstructionTest" time="0.049"/>
  <testcase name="testOrderOfMergedPluginDependenciesWithoutPluginManagement" classname="org.apache.maven.project.PomConstructionTest" time="0.05"/>
  <testcase name="testOrderOfPluginExecutionConfigurationElementsWithoutPluginManagement" classname="org.apache.maven.project.PomConstructionTest" time="0.055"/>
  <testcase name="testOrderOfMergedPluginExecutionGoalsWithPluginManagement" classname="org.apache.maven.project.PomConstructionTest" time="0.046"/>
  <testcase name="testConsecutiveEmptyElements" classname="org.apache.maven.project.PomConstructionTest" time="0.049"/>
  <testcase name="testAppendOfInheritedPluginConfigurationWithNoProfile" classname="org.apache.maven.project.PomConstructionTest" time="0.067"/>
  <testcase name="testProfileModuleInheritance" classname="org.apache.maven.project.PomConstructionTest" time="0.057"/>
  <testcase name="testInterpolationOfRfc3986BaseUri" classname="org.apache.maven.project.PomConstructionTest" time="0.076"/>
  <testcase name="testAppendOfInheritedPluginConfigurationWithActiveProfile" classname="org.apache.maven.project.PomConstructionTest" time="0.055"/>
  <testcase name="testErroneousJoiningOfDifferentPluginsWithEqualDependencies" classname="org.apache.maven.project.PomConstructionTest" time="0.061"/>
  <testcase name="testInheritedPropertiesInterpolatedWithValuesFromChildWithoutProfiles" classname="org.apache.maven.project.PomConstructionTest" time="0.061"/>
  <testcase name="testProfilePluginMngDependencies" classname="org.apache.maven.project.PomConstructionTest" time="0.055"/>
  <testcase name="testMultiplePluginExecutionsWithAndWithoutIdsWithoutPluginManagement" classname="org.apache.maven.project.PomConstructionTest" time="0.05"/>
  <testcase name="testDependencyInheritance" classname="org.apache.maven.project.PomConstructionTest" time="0.075"/>
  <testcase name="testManagedProfileDependency" classname="org.apache.maven.project.PomConstructionTest" time="0.077"/>
  <testcase name="testPropertiesInheritance" classname="org.apache.maven.project.PomConstructionTest" time="0.051"/>
  <testcase name="testBuildExtensionInheritance" classname="org.apache.maven.project.PomConstructionTest" time="0.078"/>
  <testcase name="testMergedFilterOrder" classname="org.apache.maven.project.PomConstructionTest" time="0.048"/>
  <testcase name="testPluginInheritanceOrder" classname="org.apache.maven.project.PomConstructionTest" time="0.058"/>
  <testcase name="testPrerequisitesAreNotInherited" classname="org.apache.maven.project.PomConstructionTest" time="0.046"/>
  <testcase name="testInterpolationOfBaseUri" classname="org.apache.maven.project.PomConstructionTest" time="0.043"/>
  <testcase name="testPluginDeclarationsRetainPomOrderAfterInjectionOfDefaultPlugins" classname="org.apache.maven.project.PomConstructionTest" time="0.08"/>
  <testcase name="testCliPropsDominateProjectPropsDuringInterpolation" classname="org.apache.maven.project.PomConstructionTest" time="0.042"/>
  <testcase name="testPluginConfigurationUsingAttributesWithPluginManagement" classname="org.apache.maven.project.PomConstructionTest" time="0.056"/>
  <testcase name="testPluginOrder" classname="org.apache.maven.project.PomConstructionTest" time="0.045"/>
  <testcase name="testBuildDirectoriesUsePlatformSpecificFileSeparator" classname="org.apache.maven.project.PomConstructionTest" time="0.049"/>
  <testcase name="testProfileInjectedDependencies" classname="org.apache.maven.project.PomConstructionTest" time="0.048"/>
  <testcase name="testPluginManagementDependencies" classname="org.apache.maven.project.PomConstructionTest" time="0.045"/>
  <testcase name="testOrderOfMergedPluginExecutionsWithoutPluginManagement" classname="org.apache.maven.project.PomConstructionTest" time="0.059"/>
  <testcase name="testDevelopersAreInheritedButNotAggregated" classname="org.apache.maven.project.PomConstructionTest" time="0.047"/>
  <testcase name="testPropertiesNoDuplication" classname="org.apache.maven.project.PomConstructionTest" time="0.045"/>
  <testcase name="testDuplicateExclusionsDependency" classname="org.apache.maven.project.PomConstructionTest" time="0.069"/>
  <testcase name="testMergeOfPluginExecutionsWhenChildInheritsPluginVersion" classname="org.apache.maven.project.PomConstructionTest" time="0.049"/>
  <testcase name="testXmlTextCoalescing" classname="org.apache.maven.project.PomConstructionTest" time="0.045"/>
  <testcase name="testDefaultPluginsExecutionContributedByPackagingExecuteBeforeUserDefinedExecutions" classname="org.apache.maven.project.PomConstructionTest" time="0.066"/>
  <testcase name="testPomInheritance" classname="org.apache.maven.project.PomConstructionTest" time="0.052"/>
  <testcase name="testMergeOfPluginExecutionsWhenChildAndParentUseDifferentPluginVersions" classname="org.apache.maven.project.PomConstructionTest" time="0.059"/>
  <testcase name="testExecutionConfigurationJoin" classname="org.apache.maven.project.PomConstructionTest" time="0.048"/>
  <testcase name="testXmlWhitespaceHandling" classname="org.apache.maven.project.PomConstructionTest" time="0.049"/>
  <testcase name="testBooleanInterpolation" classname="org.apache.maven.project.PomConstructionTest" time="0.065"/>
  <testcase name="testOrderOfPluginExecutionsWithPluginManagement" classname="org.apache.maven.project.PomConstructionTest" time="0.052"/>
  <testcase name="testPluginConfigurationUsingAttributesWithoutPluginManagement" classname="org.apache.maven.project.PomConstructionTest" time="0.046"/>
  <testcase name="testPluginOrderAfterMergingWithInjectedPlugins" classname="org.apache.maven.project.PomConstructionTest" time="0.087"/>
  <testcase name="testMultipleFilters" classname="org.apache.maven.project.PomConstructionTest" time="0.054"/>
  <testcase name="testPluginOrderAfterMergingWithInheritedPlugins" classname="org.apache.maven.project.PomConstructionTest" time="0.085"/>
  <testcase name="testContributorsAreInheritedButNotAggregated" classname="org.apache.maven.project.PomConstructionTest" time="0.087"/>
  <testcase name="testInterpolationOfLegacyExpressionsThatDontIncludeTheProjectPrefix" classname="org.apache.maven.project.PomConstructionTest" time="0.15"/>
  <testcase name="testPluginExecutionInheritanceWhenChildDoesNotDeclarePlugin" classname="org.apache.maven.project.PomConstructionTest" time="0.11"/>
  <testcase name="testParentInterpolation" classname="org.apache.maven.project.PomConstructionTest" time="0.087"/>
  <testcase name="testPluginInheritanceSimple" classname="org.apache.maven.project.PomConstructionTest" time="0.044"/>
  <testcase name="testProfileDependenciesMultipleProfiles" classname="org.apache.maven.project.PomConstructionTest" time="0.043"/>
  <testcase name="testParentInheritance" classname="org.apache.maven.project.PomConstructionTest" time="0.048"/>
  <testcase name="testFullInterpolationOfNestedExpressions" classname="org.apache.maven.project.PomConstructionTest" time="0.037"/>
  <testcase name="testPluginManagementInheritance" classname="org.apache.maven.project.PomConstructionTest" time="0.049"/>
  <testcase name="testJoiningOfContainersWhenChildHasEmptyElements" classname="org.apache.maven.project.PomConstructionTest" time="0.055"/>
  <testcase name="testCompleteModelWithoutParent" classname="org.apache.maven.project.PomConstructionTest" time="0.063"/>
  <testcase name="testAppendArtifactIdOfParentAndChildToInheritedUrls" classname="org.apache.maven.project.PomConstructionTest" time="0.053"/>
  <testcase name="testValidationErrorUponNonUniquePluginRepositoryId" classname="org.apache.maven.project.PomConstructionTest" time="0.048"/>
  <testcase name="testConfigWithPluginManagement" classname="org.apache.maven.project.PomConstructionTest" time="0.043"/>
  <testcase name="testOrderOfPluginConfigurationElementsWithoutPluginManagement" classname="org.apache.maven.project.PomConstructionTest" time="0.037"/>
  <testcase name="testLicensesAreInheritedButNotAggregated" classname="org.apache.maven.project.PomConstructionTest" time="0.043"/>
  <testcase name="testOrderOfPluginExecutionConfigurationElementsWithPluginManagement" classname="org.apache.maven.project.PomConstructionTest" time="0.04"/>
  <testcase name="testDependencyManagementWithInterpolation" classname="org.apache.maven.project.PomConstructionTest" time="0.043"/>
  <testcase name="testDependencyScope" classname="org.apache.maven.project.PomConstructionTest" time="0.054"/>
  <testcase name="testJdkActivation" classname="org.apache.maven.project.PomConstructionTest" time="0.044"/>
  <testcase name="testProfileDefaultActivation" classname="org.apache.maven.project.PomConstructionTest" time="0.062"/>
  <testcase name="testOrderOfMergedPluginDependenciesWithPluginManagement" classname="org.apache.maven.project.PomConstructionTest" time="0.046"/>
  <testcase name="testOverridingOfInheritedPluginExecutionsWithPluginManagement" classname="org.apache.maven.project.PomConstructionTest" time="0.044"/>
  <testcase name="testProfilePlugins" classname="org.apache.maven.project.PomConstructionTest" time="0.038"/>
  <testcase name="testMergeOfInheritedPluginConfiguration" classname="org.apache.maven.project.PomConstructionTest" time="0.054"/>
  <testcase name="testOverridingOfInheritedPluginExecutionsWithoutPluginManagement" classname="org.apache.maven.project.PomConstructionTest" time="0.067"/>
  <testcase name="testPluginManagementDuplicate" classname="org.apache.maven.project.PomConstructionTest" time="0.067"/>
  <testcase name="testMultiplePluginExecutionsWithAndWithoutIdsWithPluginManagement" classname="org.apache.maven.project.PomConstructionTest" time="0.052"/>
  <testcase name="testOrderOfGoalsFromPluginExecutionWithPluginManagement" classname="org.apache.maven.project.PomConstructionTest" time="0.056"/>
  <testcase name="testEmptyScm" classname="org.apache.maven.project.PomConstructionTest" time="0.086"/>
  <testcase name="testEmptyUrl" classname="org.apache.maven.project.PomConstructionTest" time="0.039"/>
  <testcase name="testProjectArtifactIdIsNotInheritedButMandatory" classname="org.apache.maven.project.PomConstructionTest" time="0.042"/>
  <testcase name="testPomEncoding" classname="org.apache.maven.project.PomConstructionTest" time="0.071"/>
  <testcase name="testPluginConfigProperties" classname="org.apache.maven.project.PomConstructionTest" time="0.049"/>
  <testcase name="testExecutionConfiguration" classname="org.apache.maven.project.PomConstructionTest" time="0.058"/>
  <testcase name="testParentPomPackagingMustBePom" classname="org.apache.maven.project.PomConstructionTest" time="0.079"/>
  <testcase name="testDependencyOrderWithoutPluginManagement" classname="org.apache.maven.project.PomConstructionTest" time="0.084"/>
  <testcase name="testMultipleRepositories" classname="org.apache.maven.project.PomConstructionTest" time="0.1"/>
  <testcase name="testDifferentContainersWithSameId" classname="org.apache.maven.project.PomConstructionTest" time="0.055"/>
</testsuite>