<?xml version="1.0" encoding="UTF-8"?>
<testsuite xmlns:xsi="http://www.w3.org/2001/XMLSchema-instance" xsi:noNamespaceSchemaLocation="https://maven.apache.org/surefire/maven-surefire-plugin/xsd/surefire-test-report.xsd" name="org.apache.maven.repository.legacy.resolver.DefaultArtifactCollectorTest" time="2.08" tests="29" errors="0" skipped="0" failures="0">
  <properties>
    <property name="gopherProxySet" value="false"/>
    <property name="awt.toolkit" value="sun.lwawt.macosx.LWCToolkit"/>
    <property name="java.specification.version" value="10"/>
    <property name="file.encoding.pkg" value="sun.io"/>
    <property name="sun.cpu.isalist" value=""/>
    <property name="sun.jnu.encoding" value="UTF-8"/>
    <property name="java.class.path" value="/Users/lokeswarreddy/Desktop/maven/maven-compat/target/test-classes:/Users/lokeswarreddy/Desktop/maven/maven-compat/target/classes:/Users/lokeswarreddy/Desktop/maven/maven-model/target/maven-model-3.6.1-SNAPSHOT.jar:/Users/lokeswarreddy/Desktop/maven/maven-model-builder/target/maven-model-builder-3.6.1-SNAPSHOT.jar:/Users/lokeswarreddy/Desktop/maven/maven-builder-support/target/maven-builder-support-3.6.1-SNAPSHOT.jar:/Users/lokeswarreddy/Desktop/maven/maven-settings/target/maven-settings-3.6.1-SNAPSHOT.jar:/Users/lokeswarreddy/Desktop/maven/maven-settings-builder/target/maven-settings-builder-3.6.1-SNAPSHOT.jar:/Users/lokeswarreddy/.m2/repository/org/sonatype/plexus/plexus-sec-dispatcher/1.4/plexus-sec-dispatcher-1.4.jar:/Users/lokeswarreddy/.m2/repository/org/sonatype/plexus/plexus-cipher/1.7/plexus-cipher-1.7.jar:/Users/lokeswarreddy/Desktop/maven/maven-artifact/target/maven-artifact-3.6.1-SNAPSHOT.jar:/Users/lokeswarreddy/.m2/repository/org/apache/commons/commons-lang3/3.8.1/commons-lang3-3.8.1.jar:/Users/lokeswarreddy/Desktop/maven/maven-core/target/maven-core-3.6.1-SNAPSHOT.jar:/Users/lokeswarreddy/Desktop/maven/maven-plugin-api/target/maven-plugin-api-3.6.1-SNAPSHOT.jar:/Users/lokeswarreddy/.m2/repository/org/apache/maven/resolver/maven-resolver-spi/1.3.1/maven-resolver-spi-1.3.1.jar:/Users/lokeswarreddy/.m2/repository/org/apache/maven/shared/maven-shared-utils/3.2.1/maven-shared-utils-3.2.1.jar:/Users/lokeswarreddy/.m2/repository/commons-io/commons-io/2.5/commons-io-2.5.jar:/Users/lokeswarreddy/.m2/repository/org/eclipse/sisu/org.eclipse.sisu.inject/0.3.3/org.eclipse.sisu.inject-0.3.3.jar:/Users/lokeswarreddy/.m2/repository/com/google/inject/guice/4.2.1/guice-4.2.1-no_aop.jar:/Users/lokeswarreddy/.m2/repository/aopalliance/aopalliance/1.0/aopalliance-1.0.jar:/Users/lokeswarreddy/.m2/repository/com/google/guava/guava/25.1-android/guava-25.1-android.jar:/Users/lokeswarreddy/.m2/repository/com/google/code/findbugs/jsr305/3.0.2/jsr305-3.0.2.jar:/Users/lokeswarreddy/.m2/repository/org/checkerframework/checker-compat-qual/2.0.0/checker-compat-qual-2.0.0.jar:/Users/lokeswarreddy/.m2/repository/com/google/errorprone/error_prone_annotations/2.1.3/error_prone_annotations-2.1.3.jar:/Users/lokeswarreddy/.m2/repository/com/google/j2objc/j2objc-annotations/1.1/j2objc-annotations-1.1.jar:/Users/lokeswarreddy/.m2/repository/org/codehaus/mojo/animal-sniffer-annotations/1.14/animal-sniffer-annotations-1.14.jar:/Users/lokeswarreddy/.m2/repository/javax/inject/javax.inject/1/javax.inject-1.jar:/Users/lokeswarreddy/.m2/repository/org/codehaus/plexus/plexus-classworlds/2.5.2/plexus-classworlds-2.5.2.jar:/Users/lokeswarreddy/Desktop/maven/maven-resolver-provider/target/maven-resolver-provider-3.6.1-SNAPSHOT.jar:/Users/lokeswarreddy/.m2/repository/org/slf4j/slf4j-api/1.7.25/slf4j-api-1.7.25.jar:/Users/lokeswarreddy/Desktop/maven/maven-repository-metadata/target/maven-repository-metadata-3.6.1-SNAPSHOT.jar:/Users/lokeswarreddy/.m2/repository/org/apache/maven/resolver/maven-resolver-api/1.3.1/maven-resolver-api-1.3.1.jar:/Users/lokeswarreddy/.m2/repository/org/apache/maven/resolver/maven-resolver-util/1.3.1/maven-resolver-util-1.3.1.jar:/Users/lokeswarreddy/.m2/repository/org/apache/maven/resolver/maven-resolver-impl/1.3.1/maven-resolver-impl-1.3.1.jar:/Users/lokeswarreddy/.m2/repository/org/codehaus/plexus/plexus-utils/3.1.0/plexus-utils-3.1.0.jar:/Users/lokeswarreddy/.m2/repository/org/codehaus/plexus/plexus-interpolation/1.25/plexus-interpolation-1.25.jar:/Users/lokeswarreddy/.m2/repository/org/eclipse/sisu/org.eclipse.sisu.plexus/0.3.3/org.eclipse.sisu.plexus-0.3.3.jar:/Users/lokeswarreddy/.m2/repository/javax/enterprise/cdi-api/1.0/cdi-api-1.0.jar:/Users/lokeswarreddy/.m2/repository/javax/annotation/jsr250-api/1.0/jsr250-api-1.0.jar:/Users/lokeswarreddy/.m2/repository/org/codehaus/plexus/plexus-component-annotations/1.7.1/plexus-component-annotations-1.7.1.jar:/Users/lokeswarreddy/.m2/repository/org/apache/maven/wagon/wagon-provider-api/3.3.2/wagon-provider-api-3.3.2.jar:/Users/lokeswarreddy/.m2/repository/org/apache/maven/wagon/wagon-file/3.3.2/wagon-file-3.3.2.jar:/Users/lokeswarreddy/.m2/repository/org/apache/maven/resolver/maven-resolver-connector-basic/1.3.1/maven-resolver-connector-basic-1.3.1.jar:/Users/lokeswarreddy/.m2/repository/org/apache/maven/resolver/maven-resolver-transport-wagon/1.3.1/maven-resolver-transport-wagon-1.3.1.jar:/Users/lokeswarreddy/.m2/repository/junit/junit/4.12/junit-4.12.jar:/Users/lokeswarreddy/.m2/repository/org/hamcrest/hamcrest-core/1.3/hamcrest-core-1.3.jar:"/>
    <property name="java.vm.vendor" value="&quot;Oracle Corporation&quot;"/>
    <property name="sun.arch.data.model" value="64"/>
    <property name="java.vendor.url" value="http://java.oracle.com/"/>
    <property name="user.timezone" value=""/>
    <property name="java.vm.specification.version" value="10"/>
    <property name="os.name" value="Mac OS X"/>
    <property name="sun.java.launcher" value="SUN_STANDARD"/>
    <property name="user.country" value="IN"/>
    <property name="sun.boot.library.path" value="/Library/Java/JavaVirtualMachines/jdk-10.0.1.jdk/Contents/Home/lib"/>
    <property name="sun.java.command" value="/Users/lokeswarreddy/Desktop/maven/maven-compat/target/surefire/surefirebooter6533052979295521890.jar /Users/lokeswarreddy/Desktop/maven/maven-compat/target/surefire 2019-02-27T21-23-53_568-jvmRun1 surefire6313533773764263719tmp surefire_95684602006404397081tmp"/>
    <property name="http.nonProxyHosts" value="local|*.local|169.254/16|*.169.254/16"/>
    <property name="jdk.debug" value="release"/>
    <property name="surefire.test.class.path" value="/Users/lokeswarreddy/Desktop/maven/maven-compat/target/test-classes:/Users/lokeswarreddy/Desktop/maven/maven-compat/target/classes:/Users/lokeswarreddy/Desktop/maven/maven-model/target/maven-model-3.6.1-SNAPSHOT.jar:/Users/lokeswarreddy/Desktop/maven/maven-model-builder/target/maven-model-builder-3.6.1-SNAPSHOT.jar:/Users/lokeswarreddy/Desktop/maven/maven-builder-support/target/maven-builder-support-3.6.1-SNAPSHOT.jar:/Users/lokeswarreddy/Desktop/maven/maven-settings/target/maven-settings-3.6.1-SNAPSHOT.jar:/Users/lokeswarreddy/Desktop/maven/maven-settings-builder/target/maven-settings-builder-3.6.1-SNAPSHOT.jar:/Users/lokeswarreddy/.m2/repository/org/sonatype/plexus/plexus-sec-dispatcher/1.4/plexus-sec-dispatcher-1.4.jar:/Users/lokeswarreddy/.m2/repository/org/sonatype/plexus/plexus-cipher/1.7/plexus-cipher-1.7.jar:/Users/lokeswarreddy/Desktop/maven/maven-artifact/target/maven-artifact-3.6.1-SNAPSHOT.jar:/Users/lokeswarreddy/.m2/repository/org/apache/commons/commons-lang3/3.8.1/commons-lang3-3.8.1.jar:/Users/lokeswarreddy/Desktop/maven/maven-core/target/maven-core-3.6.1-SNAPSHOT.jar:/Users/lokeswarreddy/Desktop/maven/maven-plugin-api/target/maven-plugin-api-3.6.1-SNAPSHOT.jar:/Users/lokeswarreddy/.m2/repository/org/apache/maven/resolver/maven-resolver-spi/1.3.1/maven-resolver-spi-1.3.1.jar:/Users/lokeswarreddy/.m2/repository/org/apache/maven/shared/maven-shared-utils/3.2.1/maven-shared-utils-3.2.1.jar:/Users/lokeswarreddy/.m2/repository/commons-io/commons-io/2.5/commons-io-2.5.jar:/Users/lokeswarreddy/.m2/repository/org/eclipse/sisu/org.eclipse.sisu.inject/0.3.3/org.eclipse.sisu.inject-0.3.3.jar:/Users/lokeswarreddy/.m2/repository/com/google/inject/guice/4.2.1/guice-4.2.1-no_aop.jar:/Users/lokeswarreddy/.m2/repository/aopalliance/aopalliance/1.0/aopalliance-1.0.jar:/Users/lokeswarreddy/.m2/repository/com/google/guava/guava/25.1-android/guava-25.1-android.jar:/Users/lokeswarreddy/.m2/repository/com/google/code/findbugs/jsr305/3.0.2/jsr305-3.0.2.jar:/Users/lokeswarreddy/.m2/repository/org/checkerframework/checker-compat-qual/2.0.0/checker-compat-qual-2.0.0.jar:/Users/lokeswarreddy/.m2/repository/com/google/errorprone/error_prone_annotations/2.1.3/error_prone_annotations-2.1.3.jar:/Users/lokeswarreddy/.m2/repository/com/google/j2objc/j2objc-annotations/1.1/j2objc-annotations-1.1.jar:/Users/lokeswarreddy/.m2/repository/org/codehaus/mojo/animal-sniffer-annotations/1.14/animal-sniffer-annotations-1.14.jar:/Users/lokeswarreddy/.m2/repository/javax/inject/javax.inject/1/javax.inject-1.jar:/Users/lokeswarreddy/.m2/repository/org/codehaus/plexus/plexus-classworlds/2.5.2/plexus-classworlds-2.5.2.jar:/Users/lokeswarreddy/Desktop/maven/maven-resolver-provider/target/maven-resolver-provider-3.6.1-SNAPSHOT.jar:/Users/lokeswarreddy/.m2/repository/org/slf4j/slf4j-api/1.7.25/slf4j-api-1.7.25.jar:/Users/lokeswarreddy/Desktop/maven/maven-repository-metadata/target/maven-repository-metadata-3.6.1-SNAPSHOT.jar:/Users/lokeswarreddy/.m2/repository/org/apache/maven/resolver/maven-resolver-api/1.3.1/maven-resolver-api-1.3.1.jar:/Users/lokeswarreddy/.m2/repository/org/apache/maven/resolver/maven-resolver-util/1.3.1/maven-resolver-util-1.3.1.jar:/Users/lokeswarreddy/.m2/repository/org/apache/maven/resolver/maven-resolver-impl/1.3.1/maven-resolver-impl-1.3.1.jar:/Users/lokeswarreddy/.m2/repository/org/codehaus/plexus/plexus-utils/3.1.0/plexus-utils-3.1.0.jar:/Users/lokeswarreddy/.m2/repository/org/codehaus/plexus/plexus-interpolation/1.25/plexus-interpolation-1.25.jar:/Users/lokeswarreddy/.m2/repository/org/eclipse/sisu/org.eclipse.sisu.plexus/0.3.3/org.eclipse.sisu.plexus-0.3.3.jar:/Users/lokeswarreddy/.m2/repository/javax/enterprise/cdi-api/1.0/cdi-api-1.0.jar:/Users/lokeswarreddy/.m2/repository/javax/annotation/jsr250-api/1.0/jsr250-api-1.0.jar:/Users/lokeswarreddy/.m2/repository/org/codehaus/plexus/plexus-component-annotations/1.7.1/plexus-component-annotations-1.7.1.jar:/Users/lokeswarreddy/.m2/repository/org/apache/maven/wagon/wagon-provider-api/3.3.2/wagon-provider-api-3.3.2.jar:/Users/lokeswarreddy/.m2/repository/org/apache/maven/wagon/wagon-file/3.3.2/wagon-file-3.3.2.jar:/Users/lokeswarreddy/.m2/repository/org/apache/maven/resolver/maven-resolver-connector-basic/1.3.1/maven-resolver-connector-basic-1.3.1.jar:/Users/lokeswarreddy/.m2/repository/org/apache/maven/resolver/maven-resolver-transport-wagon/1.3.1/maven-resolver-transport-wagon-1.3.1.jar:/Users/lokeswarreddy/.m2/repository/junit/junit/4.12/junit-4.12.jar:/Users/lokeswarreddy/.m2/repository/org/hamcrest/hamcrest-core/1.3/hamcrest-core-1.3.jar:"/>
    <property name="sun.cpu.endian" value="little"/>
    <property name="user.home" value="/Users/lokeswarreddy"/>
    <property name="user.language" value="en"/>
    <property name="java.specification.vendor" value="Oracle Corporation"/>
    <property name="java.version.date" value="2018-04-17"/>
    <property name="java.home" value="/Library/Java/JavaVirtualMachines/jdk-10.0.1.jdk/Contents/Home"/>
    <property name="file.separator" value="/"/>
    <property name="basedir" value="/Users/lokeswarreddy/Desktop/maven/maven-compat"/>
    <property name="java.vm.compressedOopsMode" value="Zero based"/>
    <property name="line.separator" value="&#10;"/>
    <property name="java.specification.name" value="Java Platform API Specification"/>
    <property name="java.vm.specification.vendor" value="Oracle Corporation"/>
    <property name="java.awt.graphicsenv" value="sun.awt.CGraphicsEnvironment"/>
    <property name="surefire.real.class.path" value="/Users/lokeswarreddy/Desktop/maven/maven-compat/target/surefire/surefirebooter6533052979295521890.jar"/>
    <property name="sun.management.compiler" value="HotSpot 64-Bit Tiered Compilers"/>
    <property name="ftp.nonProxyHosts" value="local|*.local|169.254/16|*.169.254/16"/>
    <property name="java.runtime.version" value="10.0.1+10"/>
    <property name="user.name" value="lokeswarreddy"/>
    <property name="path.separator" value=":"/>
    <property name="os.version" value="10.14"/>
    <property name="java.runtime.name" value="Java(TM) SE Runtime Environment"/>
    <property name="file.encoding" value="UTF-8"/>
    <property name="java.vm.name" value="Java HotSpot(TM) 64-Bit Server VM"/>
    <property name="java.vendor.version" value="18.3"/>
    <property name="localRepository" value="/Users/lokeswarreddy/.m2/repository"/>
    <property name="java.vendor.url.bug" value="http://bugreport.java.com/bugreport/"/>
    <property name="java.io.tmpdir" value="/var/folders/1t/jrcwz1v17g5f74zsxghc7bh40000gn/T/"/>
    <property name="java.version" value="10.0.1"/>
    <property name="user.dir" value="/Users/lokeswarreddy/Desktop/maven/maven-compat"/>
    <property name="os.arch" value="x86_64"/>
    <property name="java.vm.specification.name" value="Java Virtual Machine Specification"/>
    <property name="java.awt.printerjob" value="sun.lwawt.macosx.CPrinterJob"/>
    <property name="sun.os.patch.level" value="unknown"/>
    <property name="java.library.path" value="/Users/lokeswarreddy/Library/Java/Extensions:/Library/Java/Extensions:/Network/Library/Java/Extensions:/System/Library/Java/Extensions:/usr/lib/java:."/>
    <property name="java.vendor" value="Oracle Corporation"/>
    <property name="java.vm.info" value="mixed mode"/>
    <property name="java.vm.version" value="10.0.1+10"/>
    <property name="sun.io.unicode.encoding" value="UnicodeBig"/>
    <property name="java.class.version" value="54.0"/>
    <property name="socksNonProxyHosts" value="local|*.local|169.254/16|*.169.254/16"/>
  </properties>
  <testcase name="testResolveRuntimeScopeOverProvidedScope" classname="org.apache.maven.repository.legacy.resolver.DefaultArtifactCollectorTest" time="0.11"/>
  <testcase name="testResolveLocalWithNewerVersionButLesserScope" classname="org.apache.maven.repository.legacy.resolver.DefaultArtifactCollectorTest" time="0.067"/>
  <testcase name="testResolveNearestWithRanges" classname="org.apache.maven.repository.legacy.resolver.DefaultArtifactCollectorTest" time="0.042"/>
  <testcase name="testResolveRangeWithManagedVersion" classname="org.apache.maven.repository.legacy.resolver.DefaultArtifactCollectorTest" time="0.152"/>
  <testcase name="testUnboundedRangeAboveLastRelease" classname="org.apache.maven.repository.legacy.resolver.DefaultArtifactCollectorTest" time="0.092"/>
  <testcase name="testResolveLocalNewestIsLocal" classname="org.apache.maven.repository.legacy.resolver.DefaultArtifactCollectorTest" time="0.142"/>
  <testcase name="testOptionalIncludedAtRoot" classname="org.apache.maven.repository.legacy.resolver.DefaultArtifactCollectorTest" time="0.037"/>
  <testcase name="testResolveCompileScopeOverRuntimeScope" classname="org.apache.maven.repository.legacy.resolver.DefaultArtifactCollectorTest" time="0.055"/>
  <testcase name="testResolveLocalOldestIsLocal" classname="org.apache.maven.repository.legacy.resolver.DefaultArtifactCollectorTest" time="0.163"/>
  <testcase name="testTestScopeNotTransitive" classname="org.apache.maven.repository.legacy.resolver.DefaultArtifactCollectorTest" time="0.048"/>
  <testcase name="testResolveRuntimeScopeOverTestScope" classname="org.apache.maven.repository.legacy.resolver.DefaultArtifactCollectorTest" time="0.044"/>
  <testcase name="testResolveCompileScopeOverTestScope" classname="org.apache.maven.repository.legacy.resolver.DefaultArtifactCollectorTest" time="0.061"/>
  <testcase name="testResolveCorrectDependenciesWhenDifferentDependenciesOnNearest" classname="org.apache.maven.repository.legacy.resolver.DefaultArtifactCollectorTest" time="0.054"/>
  <testcase name="testResolveManagedVersion" classname="org.apache.maven.repository.legacy.resolver.DefaultArtifactCollectorTest" time="0.146"/>
  <testcase name="testUnboundedRangeBelowLastRelease" classname="org.apache.maven.repository.legacy.resolver.DefaultArtifactCollectorTest" time="0.149"/>
  <testcase name="testCollectChangesVersionOfOriginatingArtifactIfInDependencyManagementHasDifferentVersion" classname="org.apache.maven.repository.legacy.resolver.DefaultArtifactCollectorTest" time="0.046"/>
  <testcase name="testCompatibleRanges" classname="org.apache.maven.repository.legacy.resolver.DefaultArtifactCollectorTest" time="0.043"/>
  <testcase name="testProvidedScopeNotTransitive" classname="org.apache.maven.repository.legacy.resolver.DefaultArtifactCollectorTest" time="0.047"/>
  <testcase name="testIncompatibleRanges" classname="org.apache.maven.repository.legacy.resolver.DefaultArtifactCollectorTest" time="0.05"/>
  <testcase name="testResolveLocalWithNewerVersionButLesserScopeResolvedFirst" classname="org.apache.maven.repository.legacy.resolver.DefaultArtifactCollectorTest" time="0.048"/>
  <testcase name="testSnapshotNotIncluded" classname="org.apache.maven.repository.legacy.resolver.DefaultArtifactCollectorTest" time="0.044"/>
  <testcase name="testOverConstrainedVersionException" classname="org.apache.maven.repository.legacy.resolver.DefaultArtifactCollectorTest" time="0.044"/>
  <testcase name="testResolveCompileScopeOverProvidedScope" classname="org.apache.maven.repository.legacy.resolver.DefaultArtifactCollectorTest" time="0.049"/>
  <testcase name="testResolveNearestOldestIsNearest" classname="org.apache.maven.repository.legacy.resolver.DefaultArtifactCollectorTest" time="0.04"/>
  <testcase name="testScopeUpdate" classname="org.apache.maven.repository.legacy.resolver.DefaultArtifactCollectorTest" time="0.124"/>
  <testcase name="testUnboundedRangeWhenVersionUnavailable" classname="org.apache.maven.repository.legacy.resolver.DefaultArtifactCollectorTest" time="0.052"/>
  <testcase name="testOptionalNotTransitive" classname="org.apache.maven.repository.legacy.resolver.DefaultArtifactCollectorTest" time="0.046"/>
  <testcase name="testResolveWithFilter" classname="org.apache.maven.repository.legacy.resolver.DefaultArtifactCollectorTest" time="0.034"/>
  <testcase name="testResolveNearestNewestIsNearest" classname="org.apache.maven.repository.legacy.resolver.DefaultArtifactCollectorTest" time="0.035"/>
</testsuite>