<?xml version="1.0" encoding="UTF-8"?>
<testsuite xmlns:xsi="http://www.w3.org/2001/XMLSchema-instance" xsi:noNamespaceSchemaLocation="https://maven.apache.org/surefire/maven-surefire-plugin/xsd/surefire-test-report.xsd" name="org.apache.maven.model.inheritance.DefaultInheritanceAssemblerTest" time="2.57" tests="9" errors="0" skipped="0" failures="0">
  <properties>
    <property name="gopherProxySet" value="false"/>
    <property name="awt.toolkit" value="sun.lwawt.macosx.LWCToolkit"/>
    <property name="java.specification.version" value="10"/>
    <property name="file.encoding.pkg" value="sun.io"/>
    <property name="sun.cpu.isalist" value=""/>
    <property name="sun.jnu.encoding" value="UTF-8"/>
    <property name="java.class.path" value="/Users/lokeswarreddy/Desktop/maven/maven-model-builder/target/test-classes:/Users/lokeswarreddy/Desktop/maven/maven-model-builder/target/classes:/Users/lokeswarreddy/.m2/repository/org/codehaus/plexus/plexus-utils/3.1.0/plexus-utils-3.1.0.jar:/Users/lokeswarreddy/.m2/repository/org/codehaus/plexus/plexus-interpolation/1.25/plexus-interpolation-1.25.jar:/Users/lokeswarreddy/.m2/repository/org/codehaus/plexus/plexus-component-annotations/1.7.1/plexus-component-annotations-1.7.1.jar:/Users/lokeswarreddy/Desktop/maven/maven-model/target/maven-model-3.6.1-SNAPSHOT.jar:/Users/lokeswarreddy/Desktop/maven/maven-artifact/target/maven-artifact-3.6.1-SNAPSHOT.jar:/Users/lokeswarreddy/.m2/repository/org/apache/commons/commons-lang3/3.8.1/commons-lang3-3.8.1.jar:/Users/lokeswarreddy/Desktop/maven/maven-builder-support/target/maven-builder-support-3.6.1-SNAPSHOT.jar:/Users/lokeswarreddy/.m2/repository/org/eclipse/sisu/org.eclipse.sisu.plexus/0.3.3/org.eclipse.sisu.plexus-0.3.3.jar:/Users/lokeswarreddy/.m2/repository/javax/enterprise/cdi-api/1.0/cdi-api-1.0.jar:/Users/lokeswarreddy/.m2/repository/javax/annotation/jsr250-api/1.0/jsr250-api-1.0.jar:/Users/lokeswarreddy/.m2/repository/org/eclipse/sisu/org.eclipse.sisu.inject/0.3.3/org.eclipse.sisu.inject-0.3.3.jar:/Users/lokeswarreddy/.m2/repository/org/codehaus/plexus/plexus-classworlds/2.5.2/plexus-classworlds-2.5.2.jar:/Users/lokeswarreddy/.m2/repository/com/google/inject/guice/4.2.1/guice-4.2.1-no_aop.jar:/Users/lokeswarreddy/.m2/repository/javax/inject/javax.inject/1/javax.inject-1.jar:/Users/lokeswarreddy/.m2/repository/aopalliance/aopalliance/1.0/aopalliance-1.0.jar:/Users/lokeswarreddy/.m2/repository/com/google/guava/guava/25.1-android/guava-25.1-android.jar:/Users/lokeswarreddy/.m2/repository/com/google/code/findbugs/jsr305/3.0.2/jsr305-3.0.2.jar:/Users/lokeswarreddy/.m2/repository/org/checkerframework/checker-compat-qual/2.0.0/checker-compat-qual-2.0.0.jar:/Users/lokeswarreddy/.m2/repository/com/google/errorprone/error_prone_annotations/2.1.3/error_prone_annotations-2.1.3.jar:/Users/lokeswarreddy/.m2/repository/com/google/j2objc/j2objc-annotations/1.1/j2objc-annotations-1.1.jar:/Users/lokeswarreddy/.m2/repository/org/codehaus/mojo/animal-sniffer-annotations/1.14/animal-sniffer-annotations-1.14.jar:/Users/lokeswarreddy/.m2/repository/org/xmlunit/xmlunit-core/2.2.1/xmlunit-core-2.2.1.jar:/Users/lokeswarreddy/.m2/repository/org/xmlunit/xmlunit-matchers/2.2.1/xmlunit-matchers-2.2.1.jar:/Users/lokeswarreddy/.m2/repository/org/hamcrest/hamcrest-core/1.3/hamcrest-core-1.3.jar:/Users/lokeswarreddy/.m2/repository/junit/junit/4.12/junit-4.12.jar:"/>
    <property name="java.vm.vendor" value="&quot;Oracle Corporation&quot;"/>
    <property name="sun.arch.data.model" value="64"/>
    <property name="java.vendor.url" value="http://java.oracle.com/"/>
    <property name="user.timezone" value=""/>
    <property name="java.vm.specification.version" value="10"/>
    <property name="os.name" value="Mac OS X"/>
    <property name="sun.java.launcher" value="SUN_STANDARD"/>
    <property name="user.country" value="IN"/>
    <property name="sun.boot.library.path" value="/Library/Java/JavaVirtualMachines/jdk-10.0.1.jdk/Contents/Home/lib"/>
    <property name="sun.java.command" value="/Users/lokeswarreddy/Desktop/maven/maven-model-builder/target/surefire/surefirebooter13080426940739224057.jar /Users/lokeswarreddy/Desktop/maven/maven-model-builder/target/surefire 2019-02-27T21-23-53_568-jvmRun1 surefire5942140279318445917tmp surefire_410921658974325258761tmp"/>
    <property name="http.nonProxyHosts" value="local|*.local|169.254/16|*.169.254/16"/>
    <property name="jdk.debug" value="release"/>
    <property name="surefire.test.class.path" value="/Users/lokeswarreddy/Desktop/maven/maven-model-builder/target/test-classes:/Users/lokeswarreddy/Desktop/maven/maven-model-builder/target/classes:/Users/lokeswarreddy/.m2/repository/org/codehaus/plexus/plexus-utils/3.1.0/plexus-utils-3.1.0.jar:/Users/lokeswarreddy/.m2/repository/org/codehaus/plexus/plexus-interpolation/1.25/plexus-interpolation-1.25.jar:/Users/lokeswarreddy/.m2/repository/org/codehaus/plexus/plexus-component-annotations/1.7.1/plexus-component-annotations-1.7.1.jar:/Users/lokeswarreddy/Desktop/maven/maven-model/target/maven-model-3.6.1-SNAPSHOT.jar:/Users/lokeswarreddy/Desktop/maven/maven-artifact/target/maven-artifact-3.6.1-SNAPSHOT.jar:/Users/lokeswarreddy/.m2/repository/org/apache/commons/commons-lang3/3.8.1/commons-lang3-3.8.1.jar:/Users/lokeswarreddy/Desktop/maven/maven-builder-support/target/maven-builder-support-3.6.1-SNAPSHOT.jar:/Users/lokeswarreddy/.m2/repository/org/eclipse/sisu/org.eclipse.sisu.plexus/0.3.3/org.eclipse.sisu.plexus-0.3.3.jar:/Users/lokeswarreddy/.m2/repository/javax/enterprise/cdi-api/1.0/cdi-api-1.0.jar:/Users/lokeswarreddy/.m2/repository/javax/annotation/jsr250-api/1.0/jsr250-api-1.0.jar:/Users/lokeswarreddy/.m2/repository/org/eclipse/sisu/org.eclipse.sisu.inject/0.3.3/org.eclipse.sisu.inject-0.3.3.jar:/Users/lokeswarreddy/.m2/repository/org/codehaus/plexus/plexus-classworlds/2.5.2/plexus-classworlds-2.5.2.jar:/Users/lokeswarreddy/.m2/repository/com/google/inject/guice/4.2.1/guice-4.2.1-no_aop.jar:/Users/lokeswarreddy/.m2/repository/javax/inject/javax.inject/1/javax.inject-1.jar:/Users/lokeswarreddy/.m2/repository/aopalliance/aopalliance/1.0/aopalliance-1.0.jar:/Users/lokeswarreddy/.m2/repository/com/google/guava/guava/25.1-android/guava-25.1-android.jar:/Users/lokeswarreddy/.m2/repository/com/google/code/findbugs/jsr305/3.0.2/jsr305-3.0.2.jar:/Users/lokeswarreddy/.m2/repository/org/checkerframework/checker-compat-qual/2.0.0/checker-compat-qual-2.0.0.jar:/Users/lokeswarreddy/.m2/repository/com/google/errorprone/error_prone_annotations/2.1.3/error_prone_annotations-2.1.3.jar:/Users/lokeswarreddy/.m2/repository/com/google/j2objc/j2objc-annotations/1.1/j2objc-annotations-1.1.jar:/Users/lokeswarreddy/.m2/repository/org/codehaus/mojo/animal-sniffer-annotations/1.14/animal-sniffer-annotations-1.14.jar:/Users/lokeswarreddy/.m2/repository/org/xmlunit/xmlunit-core/2.2.1/xmlunit-core-2.2.1.jar:/Users/lokeswarreddy/.m2/repository/org/xmlunit/xmlunit-matchers/2.2.1/xmlunit-matchers-2.2.1.jar:/Users/lokeswarreddy/.m2/repository/org/hamcrest/hamcrest-core/1.3/hamcrest-core-1.3.jar:/Users/lokeswarreddy/.m2/repository/junit/junit/4.12/junit-4.12.jar:"/>
    <property name="sun.cpu.endian" value="little"/>
    <property name="user.home" value="/Users/lokeswarreddy"/>
    <property name="user.language" value="en"/>
    <property name="java.specification.vendor" value="Oracle Corporation"/>
    <property name="java.version.date" value="2018-04-17"/>
    <property name="java.home" value="/Library/Java/JavaVirtualMachines/jdk-10.0.1.jdk/Contents/Home"/>
    <property name="file.separator" value="/"/>
    <property name="basedir" value="/Users/lokeswarreddy/Desktop/maven/maven-model-builder"/>
    <property name="java.vm.compressedOopsMode" value="Zero based"/>
    <property name="line.separator" value="&#10;"/>
    <property name="java.specification.name" value="Java Platform API Specification"/>
    <property name="java.vm.specification.vendor" value="Oracle Corporation"/>
    <property name="java.awt.graphicsenv" value="sun.awt.CGraphicsEnvironment"/>
    <property name="surefire.real.class.path" value="/Users/lokeswarreddy/Desktop/maven/maven-model-builder/target/surefire/surefirebooter13080426940739224057.jar"/>
    <property name="sun.management.compiler" value="HotSpot 64-Bit Tiered Compilers"/>
    <property name="ftp.nonProxyHosts" value="local|*.local|169.254/16|*.169.254/16"/>
    <property name="java.runtime.version" value="10.0.1+10"/>
    <property name="user.name" value="lokeswarreddy"/>
    <property name="path.separator" value=":"/>
    <property name="os.version" value="10.14"/>
    <property name="java.runtime.name" value="Java(TM) SE Runtime Environment"/>
    <property name="file.encoding" value="UTF-8"/>
    <property name="java.vm.name" value="Java HotSpot(TM) 64-Bit Server VM"/>
    <property name="java.vendor.version" value="18.3"/>
    <property name="localRepository" value="/Users/lokeswarreddy/.m2/repository"/>
    <property name="java.vendor.url.bug" value="http://bugreport.java.com/bugreport/"/>
    <property name="java.io.tmpdir" value="/var/folders/1t/jrcwz1v17g5f74zsxghc7bh40000gn/T/"/>
    <property name="java.version" value="10.0.1"/>
    <property name="user.dir" value="/Users/lokeswarreddy/Desktop/maven/maven-model-builder"/>
    <property name="os.arch" value="x86_64"/>
    <property name="java.vm.specification.name" value="Java Virtual Machine Specification"/>
    <property name="java.awt.printerjob" value="sun.lwawt.macosx.CPrinterJob"/>
    <property name="sun.os.patch.level" value="unknown"/>
    <property name="java.library.path" value="/Users/lokeswarreddy/Library/Java/Extensions:/Library/Java/Extensions:/Network/Library/Java/Extensions:/System/Library/Java/Extensions:/usr/lib/java:."/>
    <property name="java.vendor" value="Oracle Corporation"/>
    <property name="java.vm.info" value="mixed mode"/>
    <property name="java.vm.version" value="10.0.1+10"/>
    <property name="sun.io.unicode.encoding" value="UnicodeBig"/>
    <property name="java.class.version" value="54.0"/>
    <property name="socksNonProxyHosts" value="local|*.local|169.254/16|*.169.254/16"/>
  </properties>
  <testcase name="testFlatUrls" classname="org.apache.maven.model.inheritance.DefaultInheritanceAssemblerTest" time="1.319"/>
  <testcase name="testPluginConfiguration" classname="org.apache.maven.model.inheritance.DefaultInheritanceAssemblerTest" time="0.198"/>
  <testcase name="testFlatTrickyUrls" classname="org.apache.maven.model.inheritance.DefaultInheritanceAssemblerTest" time="0.433"/>
  <testcase name="testUrls" classname="org.apache.maven.model.inheritance.DefaultInheritanceAssemblerTest" time="0.172"/>
  <testcase name="testNoAppendUrls" classname="org.apache.maven.model.inheritance.DefaultInheritanceAssemblerTest" time="0.129"/>
  <testcase name="testWithEmptyUrl" classname="org.apache.maven.model.inheritance.DefaultInheritanceAssemblerTest" time="0.064"/>
  <testcase name="testModulePathNotArtifactId" classname="org.apache.maven.model.inheritance.DefaultInheritanceAssemblerTest" time="0.061"/>
  <testcase name="testNoAppendUrls2" classname="org.apache.maven.model.inheritance.DefaultInheritanceAssemblerTest" time="0.097"/>
  <testcase name="testNoAppendUrls3" classname="org.apache.maven.model.inheritance.DefaultInheritanceAssemblerTest" time="0.091"/>
</testsuite>